140421 10:54:53 mysqld_safe Starting mysqld.bin daemon with databases from /Users/jeaniechung/projects/cbits/mysql/data
140421 10:54:54 [Note] Plugin 'FEDERATED' is disabled.
140421 10:54:54 InnoDB: The InnoDB memory heap is disabled
140421 10:54:54 InnoDB: Mutexes and rw_locks use GCC atomic builtins
140421 10:54:54 InnoDB: Compressed tables use zlib 1.2.3
140421 10:54:54 InnoDB: Initializing buffer pool, size = 128.0M
140421 10:54:54 InnoDB: Completed initialization of buffer pool
InnoDB: The first specified data file ./ibdata1 did not exist:
InnoDB: a new database to be created!
140421 10:54:54  InnoDB: Setting file ./ibdata1 size to 10 MB
InnoDB: Database physically writes the file full: wait...
140421 10:54:54  InnoDB: Log file ./ib_logfile0 did not exist: new to be created
InnoDB: Setting log file ./ib_logfile0 size to 5 MB
InnoDB: Database physically writes the file full: wait...
140421 10:54:54  InnoDB: Log file ./ib_logfile1 did not exist: new to be created
InnoDB: Setting log file ./ib_logfile1 size to 5 MB
InnoDB: Database physically writes the file full: wait...
InnoDB: Doublewrite buffer not found: creating new
InnoDB: Doublewrite buffer created
InnoDB: 127 rollback segment(s) active.
InnoDB: Creating foreign key constraint system tables
InnoDB: Foreign key constraint system tables created
140421 10:54:54  InnoDB: Waiting for the background threads to start
140421 10:54:55 InnoDB: 5.5.36 started; log sequence number 0
140421 10:54:55 [Note] Server hostname (bind-address): '127.0.0.1'; port: 3306
140421 10:54:55 [Note]   - '127.0.0.1' resolves to '127.0.0.1';
140421 10:54:55 [Note] Server socket created on IP: '127.0.0.1'.
140421 10:54:55 [Note] Event Scheduler: Loaded 0 events
140421 10:54:55 [Note] /Users/jeaniechung/projects/cbits/mysql/bin/mysqld.bin: ready for connections.
Version: '5.5.36'  socket: '/Users/jeaniechung/projects/cbits/mysql/tmp/mysql.sock'  port: 3306  MySQL Community Server (GPL)
140423 13:51:39 [Note] /Users/jeaniechung/projects/cbits/mysql/bin/mysqld.bin: Normal shutdown

140423 13:51:39 [Note] Event Scheduler: Purging the queue. 0 events
140423 13:51:39  InnoDB: Starting shutdown...
140423 13:51:41  InnoDB: Shutdown completed; log sequence number 3590710
140423 13:51:41 [Note] /Users/jeaniechung/projects/cbits/mysql/bin/mysqld.bin: Shutdown complete

140505 10:26:20 mysqld_safe Starting mysqld.bin daemon with databases from /Users/jeaniechung/projects/cbits/mysql/data
140505 10:26:20 [Note] Plugin 'FEDERATED' is disabled.
140505 10:26:20 InnoDB: The InnoDB memory heap is disabled
140505 10:26:20 InnoDB: Mutexes and rw_locks use GCC atomic builtins
140505 10:26:20 InnoDB: Compressed tables use zlib 1.2.3
140505 10:26:20 InnoDB: Initializing buffer pool, size = 128.0M
140505 10:26:20 InnoDB: Completed initialization of buffer pool
140505 10:26:20 InnoDB: highest supported file format is Barracuda.
140505 10:26:20  InnoDB: Waiting for the background threads to start
140505 10:26:21 InnoDB: 5.5.36 started; log sequence number 3590710
140505 10:26:21 [Note] Server hostname (bind-address): '127.0.0.1'; port: 3306
140505 10:26:21 [Note]   - '127.0.0.1' resolves to '127.0.0.1';
140505 10:26:21 [Note] Server socket created on IP: '127.0.0.1'.
140505 10:26:21 [Note] Event Scheduler: Loaded 0 events
140505 10:26:21 [Note] /Users/jeaniechung/projects/cbits/mysql/bin/mysqld.bin: ready for connections.
Version: '5.5.36'  socket: '/Users/jeaniechung/projects/cbits/mysql/tmp/mysql.sock'  port: 3306  MySQL Community Server (GPL)
140512 12:20:29 [Note] /Users/jeaniechung/projects/cbits/mysql/bin/mysqld.bin: Normal shutdown

140512 12:20:29 [Note] Event Scheduler: Purging the queue. 0 events
140512 12:20:29  InnoDB: Starting shutdown...
140512 12:20:31  InnoDB: Shutdown completed; log sequence number 5696219
140512 12:20:31 [Note] /Users/jeaniechung/projects/cbits/mysql/bin/mysqld.bin: Shutdown complete

